<?xml version="1.0" encoding="UTF-8"?>
<!-- Generated by org.testng.reporters.JUnitXMLReporter -->
<testsuite hostname="User-PC" ignored="0" name="Default test" tests="5" failures="0" timestamp="09 Apr 2018 18:28:46 GMT" time="69.903" errors="0">
  <testcase name="f" time="15.543" classname="TestNGsample.NewTest"/>
  <testcase name="f" time="12.419" classname="TestNGsample.NewTest"/>
  <testcase name="f" time="13.45" classname="TestNGsample.NewTest"/>
  <testcase name="f" time="12.746" classname="TestNGsample.NewTest"/>
  <testcase name="f" time="15.635" classname="TestNGsample.NewTest"/>
</testsuite> <!-- Default test -->
