<?xml version="1.0" encoding="UTF-8"?>
<testng-results skipped="0" failed="0" ignored="0" total="5" passed="5">
  <reporter-output>
  </reporter-output>
  <suite name="Default suite" duration-ms="69903" started-at="2018-04-09T18:27:36Z" finished-at="2018-04-09T18:28:46Z">
    <groups>
    </groups>
    <test name="Default test" duration-ms="69903" started-at="2018-04-09T18:27:36Z" finished-at="2018-04-09T18:28:46Z">
      <class name="TestNGsample.NewTest">
        <test-method status="PASS" signature="f(java.lang.String, java.lang.String)[pri:0, instance:TestNGsample.NewTest@e2cbe0]" name="f" duration-ms="15543" started-at="2018-04-09T18:27:36Z" data-provider="dp" finished-at="2018-04-09T18:27:52Z">
          <params>
            <param index="0">
              <value>
                <![CDATA[Selenium interview questions  ]]>
              </value>
            </param>
            <param index="1">
              <value>
                <![CDATA[India]]>
              </value>
            </param>
          </params>
          <reporter-output>
          </reporter-output>
        </test-method> <!-- f -->
        <test-method status="PASS" signature="f(java.lang.String, java.lang.String)[pri:0, instance:TestNGsample.NewTest@e2cbe0]" name="f" duration-ms="12419" started-at="2018-04-09T18:27:52Z" data-provider="dp" finished-at="2018-04-09T18:28:04Z">
          <params>
            <param index="0">
              <value>
                <![CDATA[Webdriver commands  ]]>
              </value>
            </param>
            <param index="1">
              <value>
                <![CDATA[Australai]]>
              </value>
            </param>
          </params>
          <reporter-output>
          </reporter-output>
        </test-method> <!-- f -->
        <test-method status="PASS" signature="f(java.lang.String, java.lang.String)[pri:0, instance:TestNGsample.NewTest@e2cbe0]" name="f" duration-ms="13450" started-at="2018-04-09T18:28:04Z" data-provider="dp" finished-at="2018-04-09T18:28:18Z">
          <params>
            <param index="0">
              <value>
                <![CDATA[Webdriver commonly used  ]]>
              </value>
            </param>
            <param index="1">
              <value>
                <![CDATA[japan]]>
              </value>
            </param>
          </params>
          <reporter-output>
          </reporter-output>
        </test-method> <!-- f -->
        <test-method status="PASS" signature="f(java.lang.String, java.lang.String)[pri:0, instance:TestNGsample.NewTest@e2cbe0]" name="f" duration-ms="12746" started-at="2018-04-09T18:28:18Z" data-provider="dp" finished-at="2018-04-09T18:28:31Z">
          <params>
            <param index="0">
              <value>
                <![CDATA[Webdriver java commands  ]]>
              </value>
            </param>
            <param index="1">
              <value>
                <![CDATA[China]]>
              </value>
            </param>
          </params>
          <reporter-output>
          </reporter-output>
        </test-method> <!-- f -->
        <test-method status="PASS" signature="f(java.lang.String, java.lang.String)[pri:0, instance:TestNGsample.NewTest@e2cbe0]" name="f" duration-ms="15635" started-at="2018-04-09T18:28:31Z" data-provider="dp" finished-at="2018-04-09T18:28:46Z">
          <params>
            <param index="0">
              <value>
                <![CDATA[Webdriver jar files  ]]>
              </value>
            </param>
            <param index="1">
              <value>
                <![CDATA[USA]]>
              </value>
            </param>
          </params>
          <reporter-output>
          </reporter-output>
        </test-method> <!-- f -->
      </class> <!-- TestNGsample.NewTest -->
    </test> <!-- Default test -->
  </suite> <!-- Default suite -->
</testng-results>
